<?xml version="1.0" encoding="UTF-8"?>
<testng-results skipped="0" failed="0" ignored="0" total="1" passed="1">
  <reporter-output>
    <line>
      <![CDATA[https://api.thecatapi.com/v1/images/search]]>
    </line>
    <line>
      <![CDATA[
]]>
    </line>
    <line>
      <![CDATA[[{"breeds":[],"id":"5a7","url":"https://cdn2.thecatapi.com/images/5a7.jpg","width":480,"height":477}]]]>
    </line>
  </reporter-output>
  <suite name="Default suite" duration-ms="5368" started-at="2020-06-08T18:28:01Z" finished-at="2020-06-08T18:28:06Z">
    <groups>
    </groups>
    <test name="Default test" duration-ms="5368" started-at="2020-06-08T18:28:01Z" finished-at="2020-06-08T18:28:06Z">
      <class name="org.com.my.APIs.TC02GET_ProdLocationsites">
        <test-method status="PASS" signature="ProdLocationsites()[pri:0, instance:org.com.my.APIs.TC02GET_ProdLocationsites@1dfe2924]" name="ProdLocationsites" duration-ms="5317" started-at="2020-06-08T18:28:01Z" finished-at="2020-06-08T18:28:06Z">
          <reporter-output>
            <line>
              <![CDATA[https://api.thecatapi.com/v1/images/search]]>
            </line>
            <line>
              <![CDATA[
]]>
            </line>
            <line>
              <![CDATA[[{"breeds":[],"id":"5a7","url":"https://cdn2.thecatapi.com/images/5a7.jpg","width":480,"height":477}]]]>
            </line>
          </reporter-output>
        </test-method> <!-- ProdLocationsites -->
      </class> <!-- org.com.my.APIs.TC02GET_ProdLocationsites -->
    </test> <!-- Default test -->
  </suite> <!-- Default suite -->
</testng-results>
